
2024/04/30 11:22:27 [32mD:/necessary/code/goPrograme/programe/program/framework/app/core/db.go:13
[0m[33m[0.000ms] [34;1m[rows:-][0m SELECT DATABASE()

2024/04/30 11:22:27 [32mD:/necessary/code/goPrograme/programe/program/framework/app/core/db.go:13
[0m[33m[2.344ms] [34;1m[rows:1][0m SELECT SCHEMA_NAME from Information_schema.SCHEMATA where SCHEMA_NAME LIKE 'go_admin%' ORDER BY SCHEMA_NAME='go_admin' DESC,SCHEMA_NAME limit 1

2024/04/30 11:22:27 [32mD:/necessary/code/goPrograme/programe/program/framework/app/core/db.go:13
[0m[33m[0.920ms] [34;1m[rows:-][0m SELECT count(*) FROM information_schema.tables WHERE table_schema = 'go_admin' AND table_name = 'user_table' AND table_type = 'BASE TABLE'

2024/04/30 11:22:27 [32mD:/necessary/code/goPrograme/programe/program/framework/app/core/db.go:13
[0m[33m[0.505ms] [34;1m[rows:-][0m SELECT DATABASE()

2024/04/30 11:22:27 [32mD:/necessary/code/goPrograme/programe/program/framework/app/core/db.go:13
[0m[33m[1.042ms] [34;1m[rows:1][0m SELECT SCHEMA_NAME from Information_schema.SCHEMATA where SCHEMA_NAME LIKE 'go_admin%' ORDER BY SCHEMA_NAME='go_admin' DESC,SCHEMA_NAME limit 1

2024/04/30 11:22:27 [32mD:/necessary/code/goPrograme/programe/program/framework/app/core/db.go:13
[0m[33m[0.464ms] [34;1m[rows:-][0m SELECT * FROM `user_table` LIMIT 1

2024/04/30 11:22:27 [32mD:/necessary/code/goPrograme/programe/program/framework/app/core/db.go:13
[0m[33m[0.675ms] [34;1m[rows:-][0m SELECT column_name, column_default, is_nullable = 'YES', data_type, character_maximum_length, column_type, column_key, extra, column_comment, numeric_precision, numeric_scale , datetime_precision FROM information_schema.columns WHERE table_schema = 'go_admin' AND table_name = 'user_table' ORDER BY ORDINAL_POSITION

2024/04/30 11:22:27 [32mD:/necessary/code/goPrograme/programe/program/framework/app/core/db.go:13
[0m[33m[0.000ms] [34;1m[rows:-][0m SELECT DATABASE()

2024/04/30 11:22:27 [32mD:/necessary/code/goPrograme/programe/program/framework/app/core/db.go:13
[0m[33m[0.676ms] [34;1m[rows:1][0m SELECT SCHEMA_NAME from Information_schema.SCHEMATA where SCHEMA_NAME LIKE 'go_admin%' ORDER BY SCHEMA_NAME='go_admin' DESC,SCHEMA_NAME limit 1

2024/04/30 11:22:27 [32mD:/necessary/code/goPrograme/programe/program/framework/app/core/db.go:13
[0m[33m[0.505ms] [34;1m[rows:-][0m SELECT count(*) FROM information_schema.statistics WHERE table_schema = 'go_admin' AND table_name = 'user_table' AND index_name = 'idx_user_table_deleted_at'
